make.exe all --print-data-base --no-builtin-variables --no-builtin-rules --question
make: *** No rule to make target 'all'.  Stop.

# GNU Make 4.3
# Built for Windows32
# Copyright (C) 1988-2020 Free Software Foundation, Inc.
# License GPLv3+: GNU GPL version 3 or later <http://gnu.org/licenses/gpl.html>
# This is free software: you are free to change and redistribute it.
# There is NO WARRANTY, to the extent permitted by law.

# Make data base, printed on Sun May 29 06:35:54 2022

# Variables

# environment
SYSTEMDRIVE = C:
# environment
JAVA_HOME = C:\Program Files\Java\jdk-17.0.2
# environment
LC_ALL = C
# environment
USERPROFILE = C:\Users\mdsfl
# environment
LOCALAPPDATA = C:\Users\mdsfl\AppData\Local
# environment
VSCODE_IPC_HOOK_EXTHOST = \\.\pipe\vscode-ipc-4c233f16-5d1f-4a57-8e77-799dcd104f8b-sock
# environment
VSCODE_CWD = C:\Users\mdsfl\AppData\Local\Programs\Microsoft VS Code
# environment
CHOCOLATEYINSTALL = C:\ProgramData\chocolatey
# environment
SYSTEMROOT = C:\WINDOWS
# environment
PROCESSOR_LEVEL = 6
# environment
PSMODULEPATH = C:\Program Files\WindowsPowerShell\Modules;C:\WINDOWS\system32\WindowsPowerShell\v1.0\Modules;C:\Program Files (x86)\Microsoft SQL Server\120\Tools\PowerShell\Modules\
# default
MAKE_COMMAND := C:/ProgramData/chocolatey/lib/make/tools/install/bin/make.exe
# automatic
@D = $(patsubst %/,%,$(patsubst %\,%,$(dir $@)))
# environment
CHROME_CRASHPAD_PIPE_NAME = \\.\pipe\crashpad_25636_LCSFPOUTCRVWLKXQ
# environment
VSCODE_HANDLES_UNCAUGHT_ERRORS = true
# default
.VARIABLES := 
# automatic
%D = $(patsubst %/,%,$(patsubst %\,%,$(dir $%)))
# makefile (from 'Makefile', line 8)
OBJFILES = $(SOURCEFILES:%.java=%.class)
# environment
SW_SIM_HYDRA = C:\Program Files\Common Files\SolidWorks Shared\Simulation Worker Agent\
# automatic
^D = $(patsubst %/,%,$(patsubst %\,%,$(dir $^)))
# environment
VSCODE_LOG_STACK = false
# automatic
%F = $(notdir $%)
# environment
VSCODE_CODE_CACHE_PATH = C:\Users\mdsfl\AppData\Roaming\Code\CachedData\c3511e6c69bb39013c4a4b7b9566ec1ca73fc4d5
# environment
LANG = C
# default
.LOADED := 
# environment
TMP = C:\Users\mdsfl\AppData\Local\Temp
# default
.INCLUDE_DIRS = .
# environment
PROCESSOR_ARCHITEW6432 = AMD64
# makefile
MAKEFLAGS = pqrR
# environment
ONEDRIVE = C:\Users\mdsfl\OneDrive
# makefile
CURDIR := c:/Users/mdsfl/Documents/GitHub/Exam3
# environment
VSCODE_PIPE_LOGGING = true
# environment
APPLICATION_INSIGHTS_NO_DIAGNOSTIC_CHANNEL = 1
# automatic
*D = $(patsubst %/,%,$(patsubst %\,%,$(dir $*)))
# environment
PROGRAMFILES = C:\Program Files (x86)
# environment
MFLAGS = -pqrR
# default
.SHELLFLAGS := -c
# environment
COMMONPROGRAMW6432 = C:\Program Files\Common Files
# automatic
+D = $(patsubst %/,%,$(patsubst %\,%,$(dir $+)))
# makefile (from 'Makefile', line 1)
MAKEFILE_LIST := Makefile
# automatic
@F = $(notdir $@)
# environment
VSCODE_VERBOSE_LOGGING = true
# environment
VSCODE_PID = 25636
# automatic
?D = $(patsubst %/,%,$(patsubst %\,%,$(dir $?)))
# automatic
*F = $(notdir $*)
# environment
SW_SIM_TEMP = C:\ProgramData\SOLIDWORKS\SW_net_sim_temp\
# automatic
<D = $(patsubst %/,%,$(patsubst %\,%,$(dir $<)))
# environment
VSCODE_NLS_CONFIG = {"locale":"en-us","availableLanguages":{},"_languagePackSupport":true}
# makefile (from 'Makefile', line 7)
SOURCEFILES = $(wildcard src/*.java)
# environment
ONEDRIVECONSUMER = C:\Users\mdsfl\OneDrive
# default
MAKE_HOST := Windows32
# environment
PROGRAMDATA = C:\ProgramData
# default
SHELL := sh.exe
# makefile (from 'Makefile', line 2)
CLASSPATH = ".;lib/junit-4.12.jar;lib/hamcrest-core-1.3.jar;build/*.class"
# environment
HOMEPATH = \Users\mdsfl
# environment
PLATFORMIO_CALLER = vscode
# default
MAKECMDGOALS := all
# environment
DRIVERDATA = C:\Windows\System32\Drivers\DriverData
# environment
COMSPEC = C:\WINDOWS\system32\cmd.exe
# environment
WINDIR = C:\WINDOWS
# environment
MAKELEVEL := 0
# default
MAKE = $(MAKE_COMMAND)
# environment
PATH = C:\Python310\Scripts\;C:\Python310\;C:\Program Files\Common Files\Oracle\Java\javapath;C:\Program Files\Eclipse Adoptium\jdk-17.0.1.12-hotspot\bin;C:\Program Files (x86)\Common Files\Oracle\Java\javapath;C:\Windows\system32;C:\Windows;C:\Windows\System32\Wbem;C:\Windows\System32\WindowsPowerShell\v1.0\;C:\Windows\System32\OpenSSH\;C:\Program Files (x86)\NVIDIA Corporation\PhysX\Common;C:\Program Files\NVIDIA Corporation\NVIDIA NvDLISR;C:\Program Files\MATLAB\R2021a\bin;C:\Program Files\Git\cmd;C:\Program Files\Inkscape\bin;C:\Gradle\gradle-7.3.3\bin;C:\Program Files\Java\jdk-17.0.2\bin;C:\Program Files\nodejs\;C:\ProgramData\chocolatey\bin;C:\Program Files\Microsoft SQL Server\Client SDK\ODBC\110\Tools\Binn\;C:\Program Files (x86)\Microsoft SQL Server\120\Tools\Binn\;C:\Program Files\Microsoft SQL Server\120\Tools\Binn\;C:\Program Files\Microsoft SQL Server\120\DTS\Binn\;C:\Program Files (x86)\Windows Kits\8.1\Windows Performance Toolkit\;C:\Strawberry\c\bin;C:\Strawberry\perl\site\bin;C:\Strawberry\perl\bin;C:\WINDOWS\system32;C:\WINDOWS;C:\WINDOWS\System32\Wbem;C:\WINDOWS\System32\WindowsPowerShell\v1.0\;C:\WINDOWS\System32\OpenSSH\;C:\Program Files\MySQL\MySQL Shell 8.0\bin\;C:\Users\mdsfl\AppData\Local\Programs\Python\Python39\Scripts\;C:\Users\mdsfl\AppData\Local\Programs\Python\Python39\;C:\Users\mdsfl\AppData\Local\Microsoft\WindowsApps;C:\Users\mdsfl\AppData\Local\Programs\Microsoft VS Code\bin;C:\Users\mdsfl\AppData\Local\Programs\MiKTeX\miktex\bin\x64\;%IntelliJ IDEA%;C:\Users\mdsfl\AppData\Local\GitHubDesktop\bin;C:\Users\mdsfl\AppData\Roaming\npm;C:\Users\mdsfl\AppData\Local\atom\bin;C:\Users\mdsfl\AppData\Local\Microsoft\WindowsApps;
# environment
ZES_ENABLE_SYSMAN = 1
# environment
COMPUTERNAME = LAPTOP-UOFGEJ2K
# default
MAKEFILES := 
# automatic
^F = $(notdir $^)
# environment
SW_SIM_MPIT = INTELMPI
# environment
PROMPT = $P$G
# environment
CHOCOLATEYLASTPATHUPDATE = 132940111440132204
# environment
LOGONSERVER = \\LAPTOP-UOFGEJ2K
# environment
VSCODE_LOG_NATIVE = false
# environment
USERNAME = mdsfl
# environment
COMMONPROGRAMFILES = C:\Program Files (x86)\Common Files
# automatic
?F = $(notdir $?)
# environment
PROGRAMW6432 = C:\Program Files
# environment
NO_PROXY = 127.0.0.1
# environment
PATHEXT = .COM;.EXE;.BAT;.CMD;.VBS;.VBE;.JS;.JSE;.WSF;.WSH;.MSC;.PY;.PYW
# automatic
+F = $(notdir $+)
# environment
ORIGINAL_XDG_CURRENT_DESKTOP = undefined
# environment
USERDOMAIN = LAPTOP-UOFGEJ2K
# 'override' directive
GNUMAKEFLAGS := 
# environment
OS = Windows_NT
# environment
PLATFORMIO_PATH = C:\Users\mdsfl\.platformio\python3;C:\Python310\Scripts\;C:\Python310\;C:\Program Files\Common Files\Oracle\Java\javapath;C:\Program Files\Eclipse Adoptium\jdk-17.0.1.12-hotspot\bin;C:\Program Files (x86)\Common Files\Oracle\Java\javapath;C:\Windows\system32;C:\Windows;C:\Windows\System32\Wbem;C:\Windows\System32\WindowsPowerShell\v1.0\;C:\Windows\System32\OpenSSH\;C:\Program Files (x86)\NVIDIA Corporation\PhysX\Common;C:\Program Files\NVIDIA Corporation\NVIDIA NvDLISR;C:\Program Files\MATLAB\R2021a\bin;C:\Program Files\Git\cmd;C:\Program Files\Inkscape\bin;C:\Gradle\gradle-7.3.3\bin;C:\Program Files\Java\jdk-17.0.2\bin;C:\Program Files\nodejs\;C:\ProgramData\chocolatey\bin;C:\Program Files\Microsoft SQL Server\Client SDK\ODBC\110\Tools\Binn\;C:\Program Files (x86)\Microsoft SQL Server\120\Tools\Binn\;C:\Program Files\Microsoft SQL Server\120\Tools\Binn\;C:\Program Files\Microsoft SQL Server\120\DTS\Binn\;C:\Program Files (x86)\Windows Kits\8.1\Windows Performance Toolkit\;C:\Strawberry\c\bin;C:\Strawberry\perl\site\bin;C:\Strawberry\perl\bin;C:\WINDOWS\system32;C:\WINDOWS;C:\WINDOWS\System32\Wbem;C:\WINDOWS\System32\WindowsPowerShell\v1.0\;C:\WINDOWS\System32\OpenSSH\;C:\Program Files\MySQL\MySQL Shell 8.0\bin\;C:\Users\mdsfl\AppData\Local\Programs\Python\Python39\Scripts\;C:\Users\mdsfl\AppData\Local\Programs\Python\Python39\;C:\Users\mdsfl\AppData\Local\Microsoft\WindowsApps;C:\Users\mdsfl\AppData\Local\Programs\Microsoft VS Code\bin;C:\Users\mdsfl\AppData\Local\Programs\MiKTeX\miktex\bin\x64\;;C:\Users\mdsfl\AppData\Local\GitHubDesktop\bin;C:\Users\mdsfl\AppData\Roaming\npm;C:\Users\mdsfl\AppData\Local\atom\bin;C:\Users\mdsfl\AppData\Local\Microsoft\WindowsApps;;C:\Python310\Scripts\;C:\Python310\;C:\Program Files\Common Files\Oracle\Java\javapath;C:\Program Files\Eclipse Adoptium\jdk-17.0.1.12-hotspot\bin;C:\Program Files (x86)\Common Files\Oracle\Java\javapath;C:\Windows\system32;C:\Windows;C:\Windows\System32\Wbem;C:\Windows\System32\WindowsPowerShell\v1.0\;C:\Windows\System32\OpenSSH\;C:\Program Files (x86)\NVIDIA Corporation\PhysX\Common;C:\Program Files\NVIDIA Corporation\NVIDIA NvDLISR;C:\Program Files\MATLAB\R2021a\bin;C:\Program Files\Git\cmd;C:\Program Files\Inkscape\bin;C:\Gradle\gradle-7.3.3\bin;C:\Program Files\Java\jdk-17.0.2\bin;C:\Program Files\nodejs\;C:\ProgramData\chocolatey\bin;C:\Program Files\Microsoft SQL Server\Client SDK\ODBC\110\Tools\Binn\;C:\Program Files (x86)\Microsoft SQL Server\120\Tools\Binn\;C:\Program Files\Microsoft SQL Server\120\Tools\Binn\;C:\Program Files\Microsoft SQL Server\120\DTS\Binn\;C:\Program Files (x86)\Windows Kits\8.1\Windows Performance Toolkit\;C:\Strawberry\c\bin;C:\Strawberry\perl\site\bin;C:\Strawberry\perl\bin;C:\WINDOWS\system32;C:\WINDOWS;C:\WINDOWS\System32\Wbem;C:\WINDOWS\System32\WindowsPowerShell\v1.0\;C:\WINDOWS\System32\OpenSSH\;C:\Program Files\MySQL\MySQL Shell 8.0\bin\;C:\Users\mdsfl\AppData\Local\Programs\Python\Python39\Scripts\;C:\Users\mdsfl\AppData\Local\Programs\Python\Python39\;C:\Users\mdsfl\AppData\Local\Microsoft\WindowsApps;C:\Users\mdsfl\AppData\Local\Programs\Microsoft VS Code\bin;C:\Users\mdsfl\AppData\Local\Programs\MiKTeX\miktex\bin\x64\;;C:\Users\mdsfl\AppData\Local\GitHubDesktop\bin;C:\Users\mdsfl\AppData\Roaming\npm;C:\Users\mdsfl\AppData\Local\atom\bin;C:\Users\mdsfl\AppData\Local\Microsoft\WindowsApps;
# makefile
.DEFAULT_GOAL := test
# default
MAKE_VERSION := 4.3
# environment
PROGRAMFILES(X86) = C:\Program Files (x86)
# environment
USERDOMAIN_ROAMINGPROFILE = LAPTOP-UOFGEJ2K
# environment
NUMBER_OF_PROCESSORS = 8
# environment
PUBLIC = C:\Users\Public
# environment
APPDATA = C:\Users\mdsfl\AppData\Roaming
# environment
HOMEDRIVE = C:
# environment
PROCESSOR_ARCHITECTURE = x86
# environment
VSCODE_AMD_ENTRYPOINT = vs/workbench/api/node/extensionHostProcess
# environment
PLATFORMIO_IDE = 2.4.3
# environment
COMMONPROGRAMFILES(X86) = C:\Program Files (x86)\Common Files
# environment
ELECTRON_RUN_AS_NODE = 1
# environment
TEMP = C:\Users\mdsfl\AppData\Local\Temp
# environment
VSCODE_IPC_HOOK = \\.\pipe\90e21258becebd148bdfad031ce69590-1.67.2-main-sock
# default
.RECIPEPREFIX := 
# automatic
<F = $(notdir $<)
# default
SUFFI 
XES := 
# environment
ALLUSERSPROFILE = C:\ProgramData
# environment
SESSIONNAME = Console
# default
.FEATURES := target-specific order-only second-expansion else-if shortest-stem undefine oneshell nocomment grouped-target extra-prereqs archives jobserver output-sync load
# environment
PROCESSOR_REVISION = 8d01
# environment
PROCESSOR_IDENTIFIER = Intel64 Family 6 Model 141 Stepping 1, GenuineIntel
# variable set hash-table stats:
# Load=107/1024=10%, Rehash=0, Collisions=11/140=8%

# Pattern-specific Varia 
ble Values

# No pattern-specific variable values.

# Directories

# src (key c:/Users/mdsfl/Documents/GitHub/Exam3/src, mtime 1653828755): 13 files, no impossibilities.
# . (key c:/Users/mdsfl/Documents/GitHub/Exam3, mtime 1653828755): 12 files, no impossibilities.

# 25 files, no impossibilities in 2 directories.

# Implicit Rules

# No implicit rules.

# Files

src/DefaultMap.class: src/ArrayListADT.java src/CircularArrayList.java src/CircularArrayListTest.java src/DefaultMap.java src/FileReader.java src/MaxHeap.java src/MyHashMap.java src/MyHashMapTest.java src/Student.java
#  Implicit rule search has not been done.
#  Modification time never checked.
#  File has not been updated.
#  recipe to execute (from 'Makefile', line 13):
	javac -cp $(CLASSPATH) -d build $(SOURCEFILES)

src/CircularArrayListTest.class: src/ArrayListADT.java src/CircularArrayList.java src/CircularArrayListTest.java src/DefaultMap.java src/FileReader.java src/MaxHeap.java src/MyHashMap.java src/MyHashMapTest.java src/Student.java
#  Implicit rule search has not been done.
#  Modification time never checked.
#  File has not been updated.
#  recipe to execute (from 'Makefile', line 13):
	javac -cp $(CLASSPATH) -d build $(SOURCEFILES)

# Not a target:
src/FileReader.java:
#  Implicit rule search has not been done.
#  Modification time never checked.
#  File has not been updated.

# Not a target:
Makefile:
#  Implicit rule search has been done.
#  Last modified 2022-05-29 04:39:44
#  File has been updated.
#  Successfully updated.

src/ArrayListADT.class: src/ArrayListADT.java src/CircularArrayList.java src/CircularArrayListTest.java src/DefaultMap.java src/FileReader.java src/MaxHeap.java src/MyHashMap.java src/MyHashMapTest.java src/Student.java
#  Implicit rule search has not been done.
#  Modification time never checked.
#  File has not been updated.
#  recipe to execute (from 'Makefile', line 13):
	javac -cp $(CLASSPATH) -d build $(SOURCEFILES)

src/CircularArrayList.class: src/ArrayListADT.java src/CircularArrayList.java src/CircularArrayListTest.java src/DefaultMap.java src/FileReader.java src/MaxHeap.java src/MyHashMap.java src/MyHashMapTest.java src/Student.java
#  Implicit rule search has not been done.
#  Modification time never checked.
#  File has not been updated.
#  recipe to execute (from 'Makefile', line 13):
	javac -cp $(CLASSPATH) -d build $(SOURCEFILES)

src/MyHashMapTest.class: src/ArrayListADT.java src/CircularArrayList.java src/CircularArrayListTest.java src/DefaultMap.java src/FileReader.java src/MaxHeap.java src/MyHashMap.java src/MyHashMapTest.java src/Student.java
#  Implicit rule search has not been done.
#  Modification time never checked.
#  File has not been updated.
#  recipe to execute (from 'Makefile', line 13):
	javac -cp $(CLASSPATH) -d build $(SOURCEFILES)

src/FileReader.class: src/ArrayListADT.java src/CircularArrayList.java src/CircularArrayListTest.java src/DefaultMap.java src/FileReader.java src/MaxHeap.java src/MyHashMap.java src/MyHashMapTest.java src/Student.java
#  Implicit rule search has not been done.
#  Modification time never checked.
#  File has not been updated.
#  recipe to execute (from 'Makefile', line 13):
	javac -cp $(CLASSPATH) -d build $(SOURCEFILES)

src/Student.class: src/ArrayListADT.java src/CircularArrayList.java src/CircularArrayListTest.java src/DefaultMap.java src/FileReader.java src/MaxHeap.java src/MyHashMap.java src/MyHashMapTest.java src/Student.java
#  Implicit rule search has not been done.
#  Modification time never checked.
#  File has not been updated.
#  recipe to execut 
e (from 'Makefile', line 13):
	javac -cp $(CLASSPATH) -d build $(SOURCEFILES)

src/MyHashMap.class: src/ArrayListADT.java src/CircularArrayList.java src/CircularArrayListTest.java src/DefaultMap.java src/FileReader.java src/MaxHeap.java src/MyHashMap.java src/MyHashMapTest.java src/Student.java
#  Implicit rule search has not been done.
#  Modification time never checked.
#  File has not been updated.
#  recipe to execute (from 'Makefile', line 13):
	javac -cp $(CLASSPATH) -d build $(SOURCEFILES)

# Not a target:
src/DefaultMap.java:
#  Implicit rule search has not been done.
#  Modification time never checked.
#  File has not been updated.

# Not a target:
src/MyHashMap.java:
#  Implicit rule search has not been done.
#  Modification time never checked.
#  File has not been updated.

# Not a target:
.DEFAULT:
#  Implicit rule search has not been done.
#  Modification time never checked.
#  File has not been updated.

src/MaxHeap.class: src/ArrayListADT.java src/CircularArrayList.java src/CircularArrayListTest.java src/DefaultMap.java src/FileReader.java src/MaxHeap.java src/MyHashMap.java src/MyHashMapTest.java src/Student.java
#  Implicit rule search has not been done.
#  Modification time never checked.
#  File has not been updated.
#  recipe to execute (from 'Makefile', line 13):
	javac -cp $(CLASSPATH) -d build $(SOURCEFILES)

# Not a target:
all:
#  Command line target.
#  Implicit rule search has been done.
#  File does not exist.
#  File has not been updated.

test: src/ArrayListADT.class src/CircularArrayList.class src/CircularArrayListTest.class src/DefaultMap.class src/FileReader.class src/MaxHeap.class src/MyHashMap.class src/MyHashMapTest.class src/Student.class
#  Implicit rule search has not been done.
#  Modification time never checked.
#  File has not been updated.
#  recipe to execute (from 'Makefile', line 11):
	java -cp $(CLASSPATH) org.junit.runner.JUnitCore  CircularArrayListTest

# Not a target:
src/Student.java:
#  Implicit rule search has not been done.
#  Modification time never checked.
#  File has not been updated.

# Not a target:
src/MaxHeap.java:
#  Implicit rule search has not been done.
#  Modification time never checked.
#  File has not been updated.

# Not a target:
src/CircularArrayList.java:
#  Implicit rule search has not been done.
#  Modification time never checked.
#  File has not been updated.

# Not a target:
src/CircularArrayListTest.java:
#  Implicit rule search has not been done.
#  Modification time never checked.
#  File has not been updated.

# Not a target:
src/MyHashMapTest.java:
#  Implicit rule search has not been done.
#  Modification time never checked.
#  File has not been updated.

# Not a target:
src/ArrayListADT.java:
#  Implicit rule search has not been done.
#  Modification time never checked.
#  File has not been updated.

# files hash-table stats:
# Load=23/1024=2%, Rehash=0, Collisions=0/60=0%
# VPATH Search Paths

# No 'vpath' search paths.

# No general ('VPATH' variable) search path.

# strcache buffers: 1 (0) / strings = 45 / storage = 691 B / avg = 15 B
# current buf: size = 8174 B / used = 691 B / count = 45 / avg = 15 B

# strcache performance: lookups = 71 / hit rate = 36%
# hash-table stats:
# Load=45/8192=1%, Rehash=0, Collisions=0/71=0%
# Finished Make data base on Sun May 29 06:35:54 2022

 
